Mar 20, 2021 11:43:57 AM seedu.igraduate.IGraduate main
INFO: iGraduate starts.
Mar 20, 2021 11:43:57 AM seedu.igraduate.IGraduate <init>
INFO: Initialising iGraduate Ui, Storage and ModuleList components...
Mar 20, 2021 11:43:57 AM seedu.igraduate.Storage loadModulesFromFile
INFO: Module data loaded from disk successfully.
Mar 20, 2021 11:43:57 AM seedu.igraduate.IGraduate <init>
INFO: All components initialised successfully.
Mar 20, 2021 11:44:07 AM seedu.igraduate.Parser parseCommand
INFO: User input: add intro -t core -mc 4 -c cs11
Mar 20, 2021 11:44:07 AM seedu.igraduate.Parser parseCommand
INFO: Input parsed to add command.
Mar 20, 2021 11:44:07 AM seedu.igraduate.Parser extractModuleType
WARNING: Invalid module type detected.
Mar 20, 2021 11:44:12 AM seedu.igraduate.Parser parseCommand
INFO: User input: exit
Mar 20, 2021 11:44:12 AM seedu.igraduate.Parser parseCommand
INFO: Input parsed to exit command.
Mar 20, 2021 11:44:12 AM seedu.igraduate.Parser createExitCommand
INFO: Valid parameters for exit command.
Mar 20, 2021 11:44:12 AM seedu.igraduate.command.ExitCommand execute
INFO: Exit Command executed!
Mar 20, 2021 11:44:12 AM seedu.igraduate.IGraduate main
INFO: iGraduate exits.
